Starting Mock Server on port 8080...
MockServer - - [12/Jun/2026 07:57:06] "GET /index.html HTTP/1.1" 200 -
MockServer - - [12/Jun/2026 07:57:06] code 501, message Unsupported method ('HEAD')
MockServer - - [12/Jun/2026 07:57:06] "HEAD /mock-social-media HTTP/1.1" 501 -
MockServer - - [12/Jun/2026 07:57:12] "GET /page2.html HTTP/1.1" 200 -
MockServer - - [12/Jun/2026 07:57:13] "GET /protected-area HTTP/1.1" 200 -
MockServer - - [12/Jun/2026 07:57:14] "GET /temporary-error HTTP/1.1" 503 -
MockServer - - [12/Jun/2026 07:57:15] "GET /redirect HTTP/1.1" 302 -
MockServer - - [12/Jun/2026 07:57:15] "GET /subfolder/target.html HTTP/1.1" 200 -
MockServer - - [12/Jun/2026 07:57:30] "GET /slow-response HTTP/1.1" 200 -
MockServer - - [12/Jun/2026 07:57:31] "GET /infinite-stream HTTP/1.1" 200 -
MockServer - - [12/Jun/2026 07:57:32] "GET /subfolder/relative-link.html HTTP/1.1" 200 -
MockServer - - [12/Jun/2026 07:57:49] "GET /index.html HTTP/1.1" 200 -
MockServer - - [12/Jun/2026 07:57:49] code 501, message Unsupported method ('HEAD')
MockServer - - [12/Jun/2026 07:57:49] "HEAD /mock-social-media HTTP/1.1" 501 -
MockServer - - [12/Jun/2026 07:57:55] "GET /protected-area HTTP/1.1" 200 -
MockServer - - [12/Jun/2026 07:58:10] "GET /slow-response HTTP/1.1" 200 -
MockServer - - [12/Jun/2026 07:58:11] "GET /temporary-error HTTP/1.1" 503 -
MockServer - - [12/Jun/2026 07:58:13] "GET /page2.html HTTP/1.1" 200 -
MockServer - - [12/Jun/2026 07:58:13] "GET /redirect HTTP/1.1" 302 -
MockServer - - [12/Jun/2026 07:58:13] "GET /subfolder/target.html HTTP/1.1" 200 -
MockServer - - [12/Jun/2026 07:58:15] "GET /infinite-stream HTTP/1.1" 200 -
MockServer - - [12/Jun/2026 07:58:16] "GET /subfolder/relative-link.html HTTP/1.1" 200 -
MockServer - - [12/Jun/2026 07:58:20] "GET /index.html HTTP/1.1" 200 -
MockServer - - [12/Jun/2026 07:58:20] code 501, message Unsupported method ('HEAD')
MockServer - - [12/Jun/2026 07:58:20] "HEAD /mock-social-media HTTP/1.1" 501 -
MockServer - - [12/Jun/2026 07:58:26] "GET /protected-area HTTP/1.1" 200 -
MockServer - - [12/Jun/2026 07:58:41] "GET /slow-response HTTP/1.1" 200 -
MockServer - - [12/Jun/2026 07:58:42] "GET /temporary-error HTTP/1.1" 200 -
MockServer - - [12/Jun/2026 07:58:43] "GET /infinite-stream HTTP/1.1" 200 -
MockServer - - [12/Jun/2026 07:58:44] "GET /page2.html HTTP/1.1" 200 -
MockServer - - [12/Jun/2026 07:58:45] "GET /redirect HTTP/1.1" 302 -
MockServer - - [12/Jun/2026 07:58:45] "GET /subfolder/target.html HTTP/1.1" 200 -
MockServer - - [12/Jun/2026 07:58:46] "GET /subfolder/relative-link.html HTTP/1.1" 200 -
MockServer - - [12/Jun/2026 07:58:48] "GET /index.html HTTP/1.1" 200 -
MockServer - - [12/Jun/2026 07:58:48] code 501, message Unsupported method ('HEAD')
MockServer - - [12/Jun/2026 07:58:48] "HEAD /mock-social-media HTTP/1.1" 501 -
MockServer - - [12/Jun/2026 07:58:54] "GET /page2.html HTTP/1.1" 200 -
MockServer - - [12/Jun/2026 07:58:55] "GET /redirect HTTP/1.1" 302 -
MockServer - - [12/Jun/2026 07:58:55] "GET /subfolder/target.html HTTP/1.1" 200 -
MockServer - - [12/Jun/2026 07:58:56] "GET /reset_flaky HTTP/1.1" 200 -
MockServer - - [12/Jun/2026 07:58:56] "GET /advanced_test HTTP/1.1" 200 -
MockServer - - [12/Jun/2026 07:59:05] "HEAD /tarpit HTTP/1.1" 200 -
MockServer - - [12/Jun/2026 07:59:05] "GET /flaky_internal HTTP/1.1" 500 -
MockServer - - [12/Jun/2026 07:59:07] "GET /flaky_internal HTTP/1.1" 200 -
